{"/mnt/c/Users/m-mat/OneDrive/Desktop/SEGFIN/Financial-Hub/react-app/src/App.js": {"path":"/mnt/c/Users/m-mat/OneDrive/Desktop/SEGFIN/Financial-Hub/react-app/src/App.js","statementMap":{"0":{"start":{"line":30,"column":2},"end":{"line":63,"column":4}}},"fnMap":{"0":{"name":"App","decl":{"start":{"line":29,"column":9},"end":{"line":29,"column":12}},"loc":{"start":{"line":29,"column":15},"end":{"line":64,"column":1}},"line":29}},"branchMap":{},"s":{"0":1},"f":{"0":1},"b":{},"_coverageSchema":"1a1c01bbd47fc00a2c39e90264f33305004495a9","hash":"ad2f877a5866213fa7d8c590d46c31bdf863f763"}
,"/mnt/c/Users/m-mat/OneDrive/Desktop/SEGFIN/Financial-Hub/react-app/src/components/Navbar.js": {"path":"/mnt/c/Users/m-mat/OneDrive/Desktop/SEGFIN/Financial-Hub/react-app/src/components/Navbar.js","statementMap":{"0":{"start":{"line":6,"column":41},"end":{"line":6,"column":64}},"1":{"start":{"line":7,"column":36},"end":{"line":7,"column":48}},"2":{"start":{"line":9,"column":4},"end":{"line":11,"column":6}},"3":{"start":{"line":10,"column":8},"end":{"line":10,"column":22}},"4":{"start":{"line":13,"column":23},"end":{"line":30,"column":5}},"5":{"start":{"line":14,"column":23},"end":{"line":20,"column":10}},"6":{"start":{"line":21,"column":19},"end":{"line":21,"column":40}},"7":{"start":{"line":23,"column":8},"end":{"line":29,"column":9}},"8":{"start":{"line":24,"column":12},"end":{"line":25,"column":53}},"9":{"start":{"line":27,"column":13},"end":{"line":29,"column":9}},"10":{"start":{"line":28,"column":12},"end":{"line":28,"column":24}},"11":{"start":{"line":33,"column":8},"end":{"line":43,"column":13}},"12":{"start":{"line":47,"column":8},"end":{"line":66,"column":13}},"13":{"start":{"line":69,"column":4},"end":{"line":76,"column":5}}},"fnMap":{"0":{"name":"Navbar","decl":{"start":{"line":5,"column":24},"end":{"line":5,"column":30}},"loc":{"start":{"line":5,"column":33},"end":{"line":77,"column":1}},"line":5},"1":{"name":"(anonymous_1)","decl":{"start":{"line":9,"column":15},"end":{"line":9,"column":16}},"loc":{"start":{"line":9,"column":21},"end":{"line":11,"column":5}},"line":9},"2":{"name":"(anonymous_2)","decl":{"start":{"line":13,"column":23},"end":{"line":13,"column":24}},"loc":{"start":{"line":13,"column":34},"end":{"line":30,"column":5}},"line":13}},"branchMap":{"0":{"loc":{"start":{"line":23,"column":8},"end":{"line":29,"column":9}},"type":"if","locations":[{"start":{"line":23,"column":8},"end":{"line":29,"column":9}},{"start":{"line":27,"column":13},"end":{"line":29,"column":9}}],"line":23},"1":{"loc":{"start":{"line":27,"column":13},"end":{"line":29,"column":9}},"type":"if","locations":[{"start":{"line":27,"column":13},"end":{"line":29,"column":9}},{"start":{},"end":{}}],"line":27},"2":{"loc":{"start":{"line":49,"column":17},"end":{"line":49,"column":50}},"type":"binary-expr","locations":[{"start":{"line":49,"column":17},"end":{"line":49,"column":21}},{"start":{"line":49,"column":25},"end":{"line":49,"column":50}}],"line":49},"3":{"loc":{"start":{"line":72,"column":28},"end":{"line":72,"column":53}},"type":"cond-expr","locations":[{"start":{"line":72,"column":35},"end":{"line":72,"column":47}},{"start":{"line":72,"column":50},"end":{"line":72,"column":53}}],"line":72},"4":{"loc":{"start":{"line":73,"column":17},"end":{"line":73,"column":50}},"type":"cond-expr","locations":[{"start":{"line":73,"column":24},"end":{"line":73,"column":36}},{"start":{"line":73,"column":39},"end":{"line":73,"column":50}}],"line":73}},"s":{"0":0,"1":0,"2":0,"3":0,"4":0,"5":0,"6":0,"7":0,"8":0,"9":0,"10":0,"11":0,"12":0,"13":0},"f":{"0":0,"1":0,"2":0},"b":{"0":[0,0],"1":[0,0],"2":[0,0],"3":[0,0],"4":[0,0]},"_coverageSchema":"1a1c01bbd47fc00a2c39e90264f33305004495a9","hash":"8a09958b9f8519075a68fb3cfa3408d7d93383e7"}
,"/mnt/c/Users/m-mat/OneDrive/Desktop/SEGFIN/Financial-Hub/react-app/src/components/formAction.js": {"path":"/mnt/c/Users/m-mat/OneDrive/Desktop/SEGFIN/Financial-Hub/react-app/src/components/formAction.js","statementMap":{"0":{"start":{"line":7,"column":4},"end":{"line":22,"column":5}}},"fnMap":{"0":{"name":"FormAction","decl":{"start":{"line":1,"column":24},"end":{"line":1,"column":34}},"loc":{"start":{"line":6,"column":3},"end":{"line":23,"column":1}},"line":6}},"branchMap":{"0":{"loc":{"start":{"line":3,"column":4},"end":{"line":3,"column":19}},"type":"default-arg","locations":[{"start":{"line":3,"column":11},"end":{"line":3,"column":19}}],"line":3},"1":{"loc":{"start":{"line":4,"column":4},"end":{"line":4,"column":21}},"type":"default-arg","locations":[{"start":{"line":4,"column":13},"end":{"line":4,"column":21}}],"line":4},"2":{"loc":{"start":{"line":10,"column":12},"end":{"line":19,"column":23}},"type":"cond-expr","locations":[{"start":{"line":11,"column":12},"end":{"line":17,"column":21}},{"start":{"line":19,"column":12},"end":{"line":19,"column":23}}],"line":10}},"s":{"0":3},"f":{"0":3},"b":{"0":[1],"1":[2],"2":[2,1]},"_coverageSchema":"1a1c01bbd47fc00a2c39e90264f33305004495a9","hash":"1c23ba4c59bec9f561379d254422bad767eac2bf"}
,"/mnt/c/Users/m-mat/OneDrive/Desktop/SEGFIN/Financial-Hub/react-app/src/context/AuthContext.js": {"path":"/mnt/c/Users/m-mat/OneDrive/Desktop/SEGFIN/Financial-Hub/react-app/src/context/AuthContext.js","statementMap":{"0":{"start":{"line":5,"column":20},"end":{"line":5,"column":35}},"1":{"start":{"line":11,"column":28},"end":{"line":115,"column":1}},"2":{"start":{"line":13,"column":38},"end":{"line":13,"column":144}},"3":{"start":{"line":13,"column":53},"end":{"line":13,"column":143}},"4":{"start":{"line":14,"column":26},"end":{"line":14,"column":132}},"5":{"start":{"line":14,"column":41},"end":{"line":14,"column":131}},"6":{"start":{"line":15,"column":32},"end":{"line":15,"column":46}},"7":{"start":{"line":17,"column":21},"end":{"line":17,"column":34}},"8":{"start":{"line":20,"column":8},"end":{"line":26,"column":11}},"9":{"start":{"line":29,"column":20},"end":{"line":51,"column":5}},"10":{"start":{"line":30,"column":8},"end":{"line":30,"column":27}},"11":{"start":{"line":31,"column":23},"end":{"line":37,"column":10}},"12":{"start":{"line":38,"column":19},"end":{"line":38,"column":40}},"13":{"start":{"line":39,"column":8},"end":{"line":50,"column":9}},"14":{"start":{"line":40,"column":12},"end":{"line":40,"column":31}},"15":{"start":{"line":41,"column":12},"end":{"line":41,"column":44}},"16":{"start":{"line":42,"column":12},"end":{"line":42,"column":68}},"17":{"start":{"line":44,"column":12},"end":{"line":44,"column":32}},"18":{"start":{"line":46,"column":12},"end":{"line":46,"column":34}},"19":{"start":{"line":49,"column":12},"end":{"line":49,"column":42}},"20":{"start":{"line":53,"column":21},"end":{"line":60,"column":5}},"21":{"start":{"line":54,"column":8},"end":{"line":54,"column":31}},"22":{"start":{"line":56,"column":8},"end":{"line":56,"column":27}},"23":{"start":{"line":57,"column":8},"end":{"line":57,"column":21}},"24":{"start":{"line":58,"column":8},"end":{"line":58,"column":45}},"25":{"start":{"line":59,"column":8},"end":{"line":59,"column":26}},"26":{"start":{"line":62,"column":22},"end":{"line":86,"column":5}},"27":{"start":{"line":63,"column":8},"end":{"line":63,"column":42}},"28":{"start":{"line":64,"column":23},"end":{"line":70,"column":10}},"29":{"start":{"line":72,"column":19},"end":{"line":72,"column":40}},"30":{"start":{"line":74,"column":8},"end":{"line":81,"column":9}},"31":{"start":{"line":75,"column":12},"end":{"line":75,"column":31}},"32":{"start":{"line":76,"column":12},"end":{"line":76,"column":44}},"33":{"start":{"line":77,"column":12},"end":{"line":77,"column":68}},"34":{"start":{"line":80,"column":12},"end":{"line":80,"column":24}},"35":{"start":{"line":83,"column":8},"end":{"line":85,"column":9}},"36":{"start":{"line":84,"column":12},"end":{"line":84,"column":29}},"37":{"start":{"line":88,"column":22},"end":{"line":93,"column":5}},"38":{"start":{"line":95,"column":4},"end":{"line":108,"column":29}},"39":{"start":{"line":97,"column":8},"end":{"line":99,"column":9}},"40":{"start":{"line":98,"column":12},"end":{"line":98,"column":25}},"41":{"start":{"line":101,"column":26},"end":{"line":101,"column":39}},"42":{"start":{"line":102,"column":23},"end":{"line":106,"column":23}},"43":{"start":{"line":103,"column":12},"end":{"line":105,"column":13}},"44":{"start":{"line":104,"column":16},"end":{"line":104,"column":29}},"45":{"start":{"line":107,"column":8},"end":{"line":107,"column":44}},"46":{"start":{"line":107,"column":21},"end":{"line":107,"column":44}},"47":{"start":{"line":110,"column":4},"end":{"line":114,"column":6}}},"fnMap":{"0":{"name":"(anonymous_0)","decl":{"start":{"line":11,"column":28},"end":{"line":11,"column":29}},"loc":{"start":{"line":11,"column":46},"end":{"line":115,"column":1}},"line":11},"1":{"name":"(anonymous_1)","decl":{"start":{"line":13,"column":47},"end":{"line":13,"column":48}},"loc":{"start":{"line":13,"column":53},"end":{"line":13,"column":143}},"line":13},"2":{"name":"(anonymous_2)","decl":{"start":{"line":14,"column":35},"end":{"line":14,"column":36}},"loc":{"start":{"line":14,"column":41},"end":{"line":14,"column":131}},"line":14},"3":{"name":"cache_assets","decl":{"start":{"line":19,"column":19},"end":{"line":19,"column":31}},"loc":{"start":{"line":19,"column":40},"end":{"line":27,"column":5}},"line":19},"4":{"name":"(anonymous_4)","decl":{"start":{"line":29,"column":20},"end":{"line":29,"column":21}},"loc":{"start":{"line":29,"column":33},"end":{"line":51,"column":5}},"line":29},"5":{"name":"(anonymous_5)","decl":{"start":{"line":53,"column":21},"end":{"line":53,"column":22}},"loc":{"start":{"line":53,"column":27},"end":{"line":60,"column":5}},"line":53},"6":{"name":"(anonymous_6)","decl":{"start":{"line":62,"column":22},"end":{"line":62,"column":23}},"loc":{"start":{"line":62,"column":34},"end":{"line":86,"column":5}},"line":62},"7":{"name":"(anonymous_7)","decl":{"start":{"line":95,"column":14},"end":{"line":95,"column":15}},"loc":{"start":{"line":95,"column":20},"end":{"line":108,"column":5}},"line":95},"8":{"name":"(anonymous_8)","decl":{"start":{"line":102,"column":35},"end":{"line":102,"column":36}},"loc":{"start":{"line":102,"column":41},"end":{"line":106,"column":9}},"line":102},"9":{"name":"(anonymous_9)","decl":{"start":{"line":107,"column":15},"end":{"line":107,"column":16}},"loc":{"start":{"line":107,"column":21},"end":{"line":107,"column":44}},"line":107}},"branchMap":{"0":{"loc":{"start":{"line":13,"column":53},"end":{"line":13,"column":143}},"type":"cond-expr","locations":[{"start":{"line":13,"column":90},"end":{"line":13,"column":136}},{"start":{"line":13,"column":139},"end":{"line":13,"column":143}}],"line":13},"1":{"loc":{"start":{"line":14,"column":41},"end":{"line":14,"column":131}},"type":"cond-expr","locations":[{"start":{"line":14,"column":78},"end":{"line":14,"column":124}},{"start":{"line":14,"column":127},"end":{"line":14,"column":131}}],"line":14},"2":{"loc":{"start":{"line":39,"column":8},"end":{"line":50,"column":9}},"type":"if","locations":[{"start":{"line":39,"column":8},"end":{"line":50,"column":9}},{"start":{"line":48,"column":13},"end":{"line":50,"column":9}}],"line":39},"3":{"loc":{"start":{"line":74,"column":8},"end":{"line":81,"column":9}},"type":"if","locations":[{"start":{"line":74,"column":8},"end":{"line":81,"column":9}},{"start":{"line":79,"column":13},"end":{"line":81,"column":9}}],"line":74},"4":{"loc":{"start":{"line":83,"column":8},"end":{"line":85,"column":9}},"type":"if","locations":[{"start":{"line":83,"column":8},"end":{"line":85,"column":9}},{"start":{},"end":{}}],"line":83},"5":{"loc":{"start":{"line":97,"column":8},"end":{"line":99,"column":9}},"type":"if","locations":[{"start":{"line":97,"column":8},"end":{"line":99,"column":9}},{"start":{},"end":{}}],"line":97},"6":{"loc":{"start":{"line":103,"column":12},"end":{"line":105,"column":13}},"type":"if","locations":[{"start":{"line":103,"column":12},"end":{"line":105,"column":13}},{"start":{},"end":{}}],"line":103},"7":{"loc":{"start":{"line":112,"column":13},"end":{"line":112,"column":38}},"type":"cond-expr","locations":[{"start":{"line":112,"column":23},"end":{"line":112,"column":27}},{"start":{"line":112,"column":30},"end":{"line":112,"column":38}}],"line":112}},"s":{"0":3,"1":3,"2":21,"3":21,"4":21,"5":21,"6":21,"7":21,"8":0,"9":21,"10":0,"11":0,"12":0,"13":0,"14":0,"15":0,"16":0,"17":0,"18":0,"19":0,"20":21,"21":0,"22":0,"23":0,"24":0,"25":0,"26":21,"27":21,"28":21,"29":0,"30":0,"31":0,"32":0,"33":0,"34":0,"35":0,"36":0,"37":21,"38":21,"39":21,"40":21,"41":21,"42":21,"43":0,"44":0,"45":21,"46":21,"47":21},"f":{"0":21,"1":21,"2":21,"3":0,"4":0,"5":0,"6":21,"7":21,"8":0,"9":21},"b":{"0":[0,21],"1":[0,21],"2":[0,0],"3":[0,0],"4":[0,0],"5":[21,0],"6":[0,0],"7":[21,0]},"_coverageSchema":"1a1c01bbd47fc00a2c39e90264f33305004495a9","hash":"4bd83732a89fad4abce090137dfd6bdcf29f267b"}
,"/mnt/c/Users/m-mat/OneDrive/Desktop/SEGFIN/Financial-Hub/react-app/src/pages/About.js": {"path":"/mnt/c/Users/m-mat/OneDrive/Desktop/SEGFIN/Financial-Hub/react-app/src/pages/About.js","statementMap":{"0":{"start":{"line":7,"column":4},"end":{"line":47,"column":4}}},"fnMap":{"0":{"name":"About","decl":{"start":{"line":6,"column":24},"end":{"line":6,"column":29}},"loc":{"start":{"line":6,"column":32},"end":{"line":48,"column":1}},"line":6}},"branchMap":{},"s":{"0":1},"f":{"0":1},"b":{},"_coverageSchema":"1a1c01bbd47fc00a2c39e90264f33305004495a9","hash":"9bc31749d2b7bb6248678d52871b99d71e014e4c"}
,"/mnt/c/Users/m-mat/OneDrive/Desktop/SEGFIN/Financial-Hub/react-app/src/pages/Accounts.js": {"path":"/mnt/c/Users/m-mat/OneDrive/Desktop/SEGFIN/Financial-Hub/react-app/src/pages/Accounts.js","statementMap":{"0":{"start":{"line":5,"column":30},"end":{"line":5,"column":42}},"1":{"start":{"line":6,"column":40},"end":{"line":6,"column":52}},"2":{"start":{"line":7,"column":35},"end":{"line":7,"column":64}},"3":{"start":{"line":12,"column":22},"end":{"line":40,"column":5}},"4":{"start":{"line":13,"column":6},"end":{"line":39,"column":7}},"5":{"start":{"line":15,"column":24},"end":{"line":15,"column":69}},"6":{"start":{"line":16,"column":29},"end":{"line":22,"column":10}},"7":{"start":{"line":23,"column":25},"end":{"line":23,"column":50}},"8":{"start":{"line":24,"column":8},"end":{"line":24,"column":27}},"9":{"start":{"line":26,"column":25},"end":{"line":26,"column":70}},"10":{"start":{"line":27,"column":30},"end":{"line":33,"column":10}},"11":{"start":{"line":34,"column":26},"end":{"line":34,"column":52}},"12":{"start":{"line":35,"column":8},"end":{"line":35,"column":33}},"13":{"start":{"line":38,"column":8},"end":{"line":38,"column":29}},"14":{"start":{"line":42,"column":4},"end":{"line":46,"column":11}},"15":{"start":{"line":44,"column":6},"end":{"line":44,"column":20}},"16":{"start":{"line":50,"column":29},"end":{"line":69,"column":5}},"17":{"start":{"line":51,"column":6},"end":{"line":68,"column":7}},"18":{"start":{"line":53,"column":28},"end":{"line":53,"column":90}},"19":{"start":{"line":54,"column":25},"end":{"line":60,"column":10}},"20":{"start":{"line":61,"column":8},"end":{"line":63,"column":9}},"21":{"start":{"line":62,"column":10},"end":{"line":62,"column":94}},"22":{"start":{"line":65,"column":8},"end":{"line":65,"column":61}},"23":{"start":{"line":65,"column":38},"end":{"line":65,"column":58}},"24":{"start":{"line":67,"column":8},"end":{"line":67,"column":29}},"25":{"start":{"line":73,"column":32},"end":{"line":92,"column":3}},"26":{"start":{"line":75,"column":4},"end":{"line":91,"column":5}},"27":{"start":{"line":76,"column":30},"end":{"line":76,"column":95}},"28":{"start":{"line":77,"column":23},"end":{"line":83,"column":8}},"29":{"start":{"line":84,"column":6},"end":{"line":86,"column":7}},"30":{"start":{"line":85,"column":8},"end":{"line":85,"column":92}},"31":{"start":{"line":88,"column":6},"end":{"line":88,"column":61}},"32":{"start":{"line":88,"column":43},"end":{"line":88,"column":58}},"33":{"start":{"line":90,"column":6},"end":{"line":90,"column":27}},"34":{"start":{"line":94,"column":2},"end":{"line":127,"column":4}},"35":{"start":{"line":107,"column":12},"end":{"line":113,"column":17}},"36":{"start":{"line":111,"column":73},"end":{"line":111,"column":95}},"37":{"start":{"line":116,"column":12},"end":{"line":122,"column":17}},"38":{"start":{"line":120,"column":73},"end":{"line":120,"column":105}}},"fnMap":{"0":{"name":"Accounts","decl":{"start":{"line":4,"column":9},"end":{"line":4,"column":17}},"loc":{"start":{"line":4,"column":20},"end":{"line":128,"column":1}},"line":4},"1":{"name":"(anonymous_1)","decl":{"start":{"line":12,"column":22},"end":{"line":12,"column":23}},"loc":{"start":{"line":12,"column":34},"end":{"line":40,"column":5}},"line":12},"2":{"name":"(anonymous_2)","decl":{"start":{"line":42,"column":14},"end":{"line":42,"column":15}},"loc":{"start":{"line":42,"column":20},"end":{"line":46,"column":5}},"line":42},"3":{"name":"(anonymous_3)","decl":{"start":{"line":50,"column":29},"end":{"line":50,"column":30}},"loc":{"start":{"line":50,"column":52},"end":{"line":69,"column":5}},"line":50},"4":{"name":"(anonymous_4)","decl":{"start":{"line":65,"column":30},"end":{"line":65,"column":31}},"loc":{"start":{"line":65,"column":38},"end":{"line":65,"column":58}},"line":65},"5":{"name":"(anonymous_5)","decl":{"start":{"line":73,"column":32},"end":{"line":73,"column":33}},"loc":{"start":{"line":73,"column":53},"end":{"line":92,"column":3}},"line":73},"6":{"name":"(anonymous_6)","decl":{"start":{"line":88,"column":38},"end":{"line":88,"column":39}},"loc":{"start":{"line":88,"column":43},"end":{"line":88,"column":58}},"line":88},"7":{"name":"(anonymous_7)","decl":{"start":{"line":106,"column":21},"end":{"line":106,"column":22}},"loc":{"start":{"line":107,"column":12},"end":{"line":113,"column":17}},"line":107},"8":{"name":"(anonymous_8)","decl":{"start":{"line":111,"column":67},"end":{"line":111,"column":68}},"loc":{"start":{"line":111,"column":73},"end":{"line":111,"column":95}},"line":111},"9":{"name":"(anonymous_9)","decl":{"start":{"line":115,"column":26},"end":{"line":115,"column":27}},"loc":{"start":{"line":116,"column":12},"end":{"line":122,"column":17}},"line":116},"10":{"name":"(anonymous_10)","decl":{"start":{"line":120,"column":67},"end":{"line":120,"column":68}},"loc":{"start":{"line":120,"column":73},"end":{"line":120,"column":105}},"line":120}},"branchMap":{"0":{"loc":{"start":{"line":7,"column":35},"end":{"line":7,"column":64}},"type":"binary-expr","locations":[{"start":{"line":7,"column":35},"end":{"line":7,"column":58}},{"start":{"line":7,"column":62},"end":{"line":7,"column":64}}],"line":7},"1":{"loc":{"start":{"line":61,"column":8},"end":{"line":63,"column":9}},"type":"if","locations":[{"start":{"line":61,"column":8},"end":{"line":63,"column":9}},{"start":{},"end":{}}],"line":61},"2":{"loc":{"start":{"line":84,"column":6},"end":{"line":86,"column":7}},"type":"if","locations":[{"start":{"line":84,"column":6},"end":{"line":86,"column":7}},{"start":{},"end":{}}],"line":84}},"s":{"0":0,"1":0,"2":0,"3":0,"4":0,"5":0,"6":0,"7":0,"8":0,"9":0,"10":0,"11":0,"12":0,"13":0,"14":0,"15":0,"16":0,"17":0,"18":0,"19":0,"20":0,"21":0,"22":0,"23":0,"24":0,"25":0,"26":0,"27":0,"28":0,"29":0,"30":0,"31":0,"32":0,"33":0,"34":0,"35":0,"36":0,"37":0,"38":0},"f":{"0":0,"1":0,"2":0,"3":0,"4":0,"5":0,"6":0,"7":0,"8":0,"9":0,"10":0},"b":{"0":[0,0],"1":[0,0],"2":[0,0]},"_coverageSchema":"1a1c01bbd47fc00a2c39e90264f33305004495a9","hash":"d781c8b37e2aaaa3f8fdaed45155b6f79e507386"}
,"/mnt/c/Users/m-mat/OneDrive/Desktop/SEGFIN/Financial-Hub/react-app/src/pages/Dashboard.js": {"path":"/mnt/c/Users/m-mat/OneDrive/Desktop/SEGFIN/Financial-Hub/react-app/src/pages/Dashboard.js","statementMap":{"0":{"start":{"line":9,"column":21},"end":{"line":30,"column":1}},"1":{"start":{"line":33,"column":42},"end":{"line":33,"column":61}},"2":{"start":{"line":34,"column":42},"end":{"line":34,"column":57}},"3":{"start":{"line":36,"column":46},"end":{"line":36,"column":65}},"4":{"start":{"line":38,"column":54},"end":{"line":38,"column":78}},"5":{"start":{"line":41,"column":28},"end":{"line":50,"column":3}},"6":{"start":{"line":42,"column":4},"end":{"line":47,"column":5}},"7":{"start":{"line":43,"column":8},"end":{"line":43,"column":30}},"8":{"start":{"line":46,"column":8},"end":{"line":46,"column":31}},"9":{"start":{"line":48,"column":4},"end":{"line":48,"column":29}},"10":{"start":{"line":49,"column":4},"end":{"line":49,"column":53}},"11":{"start":{"line":52,"column":30},"end":{"line":54,"column":3}},"12":{"start":{"line":53,"column":4},"end":{"line":53,"column":33}},"13":{"start":{"line":60,"column":33},"end":{"line":62,"column":3}},"14":{"start":{"line":61,"column":4},"end":{"line":61,"column":46}},"15":{"start":{"line":67,"column":2},"end":{"line":114,"column":4}},"16":{"start":{"line":75,"column":16},"end":{"line":81,"column":22}},"17":{"start":{"line":78,"column":33},"end":{"line":78,"column":59}},"18":{"start":{"line":87,"column":18},"end":{"line":94,"column":24}},"19":{"start":{"line":91,"column":35},"end":{"line":91,"column":66}},"20":{"start":{"line":100,"column":18},"end":{"line":100,"column":90}}},"fnMap":{"0":{"name":"Dashboard","decl":{"start":{"line":32,"column":9},"end":{"line":32,"column":18}},"loc":{"start":{"line":32,"column":21},"end":{"line":115,"column":1}},"line":32},"1":{"name":"(anonymous_1)","decl":{"start":{"line":41,"column":28},"end":{"line":41,"column":29}},"loc":{"start":{"line":41,"column":41},"end":{"line":50,"column":3}},"line":41},"2":{"name":"(anonymous_2)","decl":{"start":{"line":52,"column":30},"end":{"line":52,"column":31}},"loc":{"start":{"line":52,"column":45},"end":{"line":54,"column":3}},"line":52},"3":{"name":"(anonymous_3)","decl":{"start":{"line":60,"column":33},"end":{"line":60,"column":34}},"loc":{"start":{"line":60,"column":44},"end":{"line":62,"column":3}},"line":60},"4":{"name":"(anonymous_4)","decl":{"start":{"line":74,"column":45},"end":{"line":74,"column":46}},"loc":{"start":{"line":75,"column":16},"end":{"line":81,"column":22}},"line":75},"5":{"name":"(anonymous_5)","decl":{"start":{"line":78,"column":27},"end":{"line":78,"column":28}},"loc":{"start":{"line":78,"column":33},"end":{"line":78,"column":59}},"line":78},"6":{"name":"(anonymous_6)","decl":{"start":{"line":86,"column":48},"end":{"line":86,"column":49}},"loc":{"start":{"line":87,"column":18},"end":{"line":94,"column":24}},"line":87},"7":{"name":"(anonymous_7)","decl":{"start":{"line":91,"column":29},"end":{"line":91,"column":30}},"loc":{"start":{"line":91,"column":35},"end":{"line":91,"column":66}},"line":91},"8":{"name":"(anonymous_8)","decl":{"start":{"line":99,"column":48},"end":{"line":99,"column":49}},"loc":{"start":{"line":100,"column":18},"end":{"line":100,"column":90}},"line":100}},"branchMap":{"0":{"loc":{"start":{"line":42,"column":4},"end":{"line":47,"column":5}},"type":"if","locations":[{"start":{"line":42,"column":4},"end":{"line":47,"column":5}},{"start":{"line":45,"column":9},"end":{"line":47,"column":5}}],"line":42},"1":{"loc":{"start":{"line":77,"column":45},"end":{"line":77,"column":85}},"type":"cond-expr","locations":[{"start":{"line":77,"column":72},"end":{"line":77,"column":80}},{"start":{"line":77,"column":83},"end":{"line":77,"column":85}}],"line":77},"2":{"loc":{"start":{"line":90,"column":49},"end":{"line":90,"column":94}},"type":"cond-expr","locations":[{"start":{"line":90,"column":81},"end":{"line":90,"column":89}},{"start":{"line":90,"column":92},"end":{"line":90,"column":94}}],"line":90},"3":{"loc":{"start":{"line":98,"column":55},"end":{"line":98,"column":101}},"type":"cond-expr","locations":[{"start":{"line":98,"column":70},"end":{"line":98,"column":96}},{"start":{"line":98,"column":99},"end":{"line":98,"column":101}}],"line":98},"4":{"loc":{"start":{"line":100,"column":18},"end":{"line":100,"column":90}},"type":"binary-expr","locations":[{"start":{"line":100,"column":18},"end":{"line":100,"column":47}},{"start":{"line":100,"column":51},"end":{"line":100,"column":90}}],"line":100}},"s":{"0":2,"1":0,"2":0,"3":0,"4":0,"5":0,"6":0,"7":0,"8":0,"9":0,"10":0,"11":0,"12":0,"13":0,"14":0,"15":0,"16":0,"17":0,"18":0,"19":0,"20":0},"f":{"0":0,"1":0,"2":0,"3":0,"4":0,"5":0,"6":0,"7":0,"8":0},"b":{"0":[0,0],"1":[0,0],"2":[0,0],"3":[0,0],"4":[0,0]},"_coverageSchema":"1a1c01bbd47fc00a2c39e90264f33305004495a9","hash":"17c457cab94fc312d6a3d323552eaf38ad971551"}
,"/mnt/c/Users/m-mat/OneDrive/Desktop/SEGFIN/Financial-Hub/react-app/src/pages/Home.js": {"path":"/mnt/c/Users/m-mat/OneDrive/Desktop/SEGFIN/Financial-Hub/react-app/src/pages/Home.js","statementMap":{"0":{"start":{"line":6,"column":4},"end":{"line":39,"column":6}}},"fnMap":{"0":{"name":"Home","decl":{"start":{"line":5,"column":24},"end":{"line":5,"column":28}},"loc":{"start":{"line":5,"column":31},"end":{"line":42,"column":1}},"line":5}},"branchMap":{},"s":{"0":15},"f":{"0":15},"b":{},"_coverageSchema":"1a1c01bbd47fc00a2c39e90264f33305004495a9","hash":"06fd99c67f15287380845f63c8647f5f7fc08592"}
,"/mnt/c/Users/m-mat/OneDrive/Desktop/SEGFIN/Financial-Hub/react-app/src/pages/HomePage.js": {"path":"/mnt/c/Users/m-mat/OneDrive/Desktop/SEGFIN/Financial-Hub/react-app/src/pages/HomePage.js","statementMap":{"0":{"start":{"line":4,"column":17},"end":{"line":35,"column":1}},"1":{"start":{"line":6,"column":35},"end":{"line":6,"column":58}},"2":{"start":{"line":7,"column":36},"end":{"line":7,"column":48}},"3":{"start":{"line":8,"column":4},"end":{"line":10,"column":6}},"4":{"start":{"line":9,"column":8},"end":{"line":9,"column":22}},"5":{"start":{"line":12,"column":23},"end":{"line":28,"column":5}},"6":{"start":{"line":13,"column":23},"end":{"line":19,"column":10}},"7":{"start":{"line":20,"column":19},"end":{"line":20,"column":40}},"8":{"start":{"line":22,"column":8},"end":{"line":27,"column":9}},"9":{"start":{"line":23,"column":12},"end":{"line":23,"column":44}},"10":{"start":{"line":25,"column":13},"end":{"line":27,"column":9}},"11":{"start":{"line":26,"column":12},"end":{"line":26,"column":24}},"12":{"start":{"line":30,"column":4},"end":{"line":34,"column":5}}},"fnMap":{"0":{"name":"(anonymous_0)","decl":{"start":{"line":4,"column":17},"end":{"line":4,"column":18}},"loc":{"start":{"line":4,"column":23},"end":{"line":35,"column":1}},"line":4},"1":{"name":"(anonymous_1)","decl":{"start":{"line":8,"column":14},"end":{"line":8,"column":15}},"loc":{"start":{"line":8,"column":20},"end":{"line":10,"column":5}},"line":8},"2":{"name":"(anonymous_2)","decl":{"start":{"line":12,"column":23},"end":{"line":12,"column":24}},"loc":{"start":{"line":12,"column":34},"end":{"line":28,"column":5}},"line":12}},"branchMap":{"0":{"loc":{"start":{"line":22,"column":8},"end":{"line":27,"column":9}},"type":"if","locations":[{"start":{"line":22,"column":8},"end":{"line":27,"column":9}},{"start":{"line":25,"column":13},"end":{"line":27,"column":9}}],"line":22},"1":{"loc":{"start":{"line":25,"column":13},"end":{"line":27,"column":9}},"type":"if","locations":[{"start":{"line":25,"column":13},"end":{"line":27,"column":9}},{"start":{},"end":{}}],"line":25}},"s":{"0":2,"1":0,"2":0,"3":0,"4":0,"5":0,"6":0,"7":0,"8":0,"9":0,"10":0,"11":0,"12":0},"f":{"0":0,"1":0,"2":0},"b":{"0":[0,0],"1":[0,0]},"_coverageSchema":"1a1c01bbd47fc00a2c39e90264f33305004495a9","hash":"33309e25ebbb9b5b3af0a0b82176b2866d7c2267"}
,"/mnt/c/Users/m-mat/OneDrive/Desktop/SEGFIN/Financial-Hub/react-app/src/pages/LinkAssets.js": {"path":"/mnt/c/Users/m-mat/OneDrive/Desktop/SEGFIN/Financial-Hub/react-app/src/pages/LinkAssets.js","statementMap":{"0":{"start":{"line":12,"column":35},"end":{"line":12,"column":58}},"1":{"start":{"line":14,"column":21},"end":{"line":14,"column":34}},"2":{"start":{"line":19,"column":18},"end":{"line":19,"column":75}},"3":{"start":{"line":20,"column":23},"end":{"line":26,"column":10}},"4":{"start":{"line":27,"column":19},"end":{"line":27,"column":40}},"5":{"start":{"line":28,"column":8},"end":{"line":33,"column":9}},"6":{"start":{"line":29,"column":12},"end":{"line":32,"column":15}},"7":{"start":{"line":36,"column":4},"end":{"line":79,"column":10}},"8":{"start":{"line":45,"column":78},"end":{"line":45,"column":115}},"9":{"start":{"line":58,"column":78},"end":{"line":58,"column":114}}},"fnMap":{"0":{"name":"LinkAssets","decl":{"start":{"line":10,"column":24},"end":{"line":10,"column":34}},"loc":{"start":{"line":10,"column":37},"end":{"line":81,"column":1}},"line":10},"1":{"name":"get_link_token","decl":{"start":{"line":18,"column":19},"end":{"line":18,"column":33}},"loc":{"start":{"line":18,"column":43},"end":{"line":34,"column":5}},"line":18},"2":{"name":"(anonymous_2)","decl":{"start":{"line":45,"column":65},"end":{"line":45,"column":66}},"loc":{"start":{"line":45,"column":77},"end":{"line":45,"column":116}},"line":45},"3":{"name":"(anonymous_3)","decl":{"start":{"line":58,"column":65},"end":{"line":58,"column":66}},"loc":{"start":{"line":58,"column":77},"end":{"line":58,"column":115}},"line":58}},"branchMap":{"0":{"loc":{"start":{"line":28,"column":8},"end":{"line":33,"column":9}},"type":"if","locations":[{"start":{"line":28,"column":8},"end":{"line":33,"column":9}},{"start":{},"end":{}}],"line":28}},"s":{"0":0,"1":0,"2":0,"3":0,"4":0,"5":0,"6":0,"7":0,"8":0,"9":0},"f":{"0":0,"1":0,"2":0,"3":0},"b":{"0":[0,0]},"_coverageSchema":"1a1c01bbd47fc00a2c39e90264f33305004495a9","hash":"8e6e1f63c525159419c1d41085452b58d2d03706"}
,"/mnt/c/Users/m-mat/OneDrive/Desktop/SEGFIN/Financial-Hub/react-app/src/pages/Login.js": {"path":"/mnt/c/Users/m-mat/OneDrive/Desktop/SEGFIN/Financial-Hub/react-app/src/pages/Login.js","statementMap":{"0":{"start":{"line":12,"column":15},"end":{"line":12,"column":26}},"1":{"start":{"line":13,"column":17},"end":{"line":13,"column":19}},"2":{"start":{"line":14,"column":0},"end":{"line":14,"column":51}},"3":{"start":{"line":14,"column":24},"end":{"line":14,"column":49}},"4":{"start":{"line":16,"column":14},"end":{"line":55,"column":1}},"5":{"start":{"line":18,"column":20},"end":{"line":18,"column":43}},"6":{"start":{"line":21,"column":4},"end":{"line":51,"column":13}},"7":{"start":{"line":32,"column":24},"end":{"line":45,"column":30}},"8":{"start":{"line":54,"column":2},"end":{"line":54,"column":14}}},"fnMap":{"0":{"name":"(anonymous_0)","decl":{"start":{"line":14,"column":15},"end":{"line":14,"column":16}},"loc":{"start":{"line":14,"column":24},"end":{"line":14,"column":49}},"line":14},"1":{"name":"(anonymous_1)","decl":{"start":{"line":16,"column":14},"end":{"line":16,"column":15}},"loc":{"start":{"line":16,"column":20},"end":{"line":55,"column":1}},"line":16},"2":{"name":"(anonymous_2)","decl":{"start":{"line":31,"column":31},"end":{"line":31,"column":32}},"loc":{"start":{"line":32,"column":24},"end":{"line":45,"column":30}},"line":32}},"branchMap":{},"s":{"0":3,"1":3,"2":3,"3":6,"4":3,"5":0,"6":0,"7":0,"8":0},"f":{"0":6,"1":0,"2":0},"b":{},"_coverageSchema":"1a1c01bbd47fc00a2c39e90264f33305004495a9","hash":"c8768da70e3676642906c73bc340340f5974cd38"}
,"/mnt/c/Users/m-mat/OneDrive/Desktop/SEGFIN/Financial-Hub/react-app/src/pages/Signup.js": {"path":"/mnt/c/Users/m-mat/OneDrive/Desktop/SEGFIN/Financial-Hub/react-app/src/pages/Signup.js","statementMap":{"0":{"start":{"line":11,"column":15},"end":{"line":119,"column":1}},"1":{"start":{"line":13,"column":19},"end":{"line":13,"column":31}},"2":{"start":{"line":14,"column":21},"end":{"line":14,"column":23}},"3":{"start":{"line":15,"column":4},"end":{"line":15,"column":55}},"4":{"start":{"line":15,"column":28},"end":{"line":15,"column":53}},"5":{"start":{"line":17,"column":22},"end":{"line":17,"column":45}},"6":{"start":{"line":19,"column":24},"end":{"line":26,"column":5}},"7":{"start":{"line":20,"column":8},"end":{"line":24,"column":9}},"8":{"start":{"line":21,"column":12},"end":{"line":21,"column":90}},"9":{"start":{"line":22,"column":12},"end":{"line":22,"column":77}},"10":{"start":{"line":23,"column":12},"end":{"line":23,"column":24}},"11":{"start":{"line":25,"column":8},"end":{"line":25,"column":19}},"12":{"start":{"line":28,"column":21},"end":{"line":63,"column":5}},"13":{"start":{"line":29,"column":8},"end":{"line":29,"column":27}},"14":{"start":{"line":30,"column":8},"end":{"line":32,"column":9}},"15":{"start":{"line":31,"column":12},"end":{"line":31,"column":18}},"16":{"start":{"line":33,"column":23},"end":{"line":44,"column":10}},"17":{"start":{"line":46,"column":19},"end":{"line":46,"column":40}},"18":{"start":{"line":48,"column":8},"end":{"line":62,"column":9}},"19":{"start":{"line":49,"column":12},"end":{"line":49,"column":24}},"20":{"start":{"line":51,"column":13},"end":{"line":62,"column":9}},"21":{"start":{"line":52,"column":12},"end":{"line":61,"column":13}},"22":{"start":{"line":53,"column":16},"end":{"line":56,"column":17}},"23":{"start":{"line":54,"column":20},"end":{"line":54,"column":81}},"24":{"start":{"line":55,"column":20},"end":{"line":55,"column":83}},"25":{"start":{"line":57,"column":16},"end":{"line":60,"column":17}},"26":{"start":{"line":58,"column":20},"end":{"line":58,"column":84}},"27":{"start":{"line":59,"column":20},"end":{"line":59,"column":86}},"28":{"start":{"line":66,"column":8},"end":{"line":76,"column":14}},"29":{"start":{"line":80,"column":8},"end":{"line":115,"column":14}},"30":{"start":{"line":93,"column":28},"end":{"line":107,"column":34}},"31":{"start":{"line":118,"column":4},"end":{"line":118,"column":16}}},"fnMap":{"0":{"name":"(anonymous_0)","decl":{"start":{"line":11,"column":15},"end":{"line":11,"column":16}},"loc":{"start":{"line":11,"column":21},"end":{"line":119,"column":1}},"line":11},"1":{"name":"(anonymous_1)","decl":{"start":{"line":15,"column":19},"end":{"line":15,"column":20}},"loc":{"start":{"line":15,"column":28},"end":{"line":15,"column":53}},"line":15},"2":{"name":"(anonymous_2)","decl":{"start":{"line":19,"column":24},"end":{"line":19,"column":25}},"loc":{"start":{"line":19,"column":31},"end":{"line":26,"column":5}},"line":19},"3":{"name":"(anonymous_3)","decl":{"start":{"line":28,"column":21},"end":{"line":28,"column":22}},"loc":{"start":{"line":28,"column":34},"end":{"line":63,"column":5}},"line":28},"4":{"name":"(anonymous_4)","decl":{"start":{"line":92,"column":35},"end":{"line":92,"column":36}},"loc":{"start":{"line":93,"column":28},"end":{"line":107,"column":34}},"line":93}},"branchMap":{"0":{"loc":{"start":{"line":20,"column":8},"end":{"line":24,"column":9}},"type":"if","locations":[{"start":{"line":20,"column":8},"end":{"line":24,"column":9}},{"start":{},"end":{}}],"line":20},"1":{"loc":{"start":{"line":30,"column":8},"end":{"line":32,"column":9}},"type":"if","locations":[{"start":{"line":30,"column":8},"end":{"line":32,"column":9}},{"start":{},"end":{}}],"line":30},"2":{"loc":{"start":{"line":48,"column":8},"end":{"line":62,"column":9}},"type":"if","locations":[{"start":{"line":48,"column":8},"end":{"line":62,"column":9}},{"start":{"line":51,"column":13},"end":{"line":62,"column":9}}],"line":48},"3":{"loc":{"start":{"line":51,"column":13},"end":{"line":62,"column":9}},"type":"if","locations":[{"start":{"line":51,"column":13},"end":{"line":62,"column":9}},{"start":{},"end":{}}],"line":51},"4":{"loc":{"start":{"line":53,"column":16},"end":{"line":56,"column":17}},"type":"if","locations":[{"start":{"line":53,"column":16},"end":{"line":56,"column":17}},{"start":{},"end":{}}],"line":53},"5":{"loc":{"start":{"line":57,"column":16},"end":{"line":60,"column":17}},"type":"if","locations":[{"start":{"line":57,"column":16},"end":{"line":60,"column":17}},{"start":{},"end":{}}],"line":57}},"s":{"0":2,"1":0,"2":0,"3":0,"4":0,"5":0,"6":0,"7":0,"8":0,"9":0,"10":0,"11":0,"12":0,"13":0,"14":0,"15":0,"16":0,"17":0,"18":0,"19":0,"20":0,"21":0,"22":0,"23":0,"24":0,"25":0,"26":0,"27":0,"28":0,"29":0,"30":0,"31":0},"f":{"0":0,"1":0,"2":0,"3":0,"4":0},"b":{"0":[0,0],"1":[0,0],"2":[0,0],"3":[0,0],"4":[0,0],"5":[0,0]},"_coverageSchema":"1a1c01bbd47fc00a2c39e90264f33305004495a9","hash":"eeb12dd7fdd586c4ee4fd380a018dd592fa7d5d2"}
}
