TN:
SF:src/App.js
FN:29,App
FNF:1
FNH:1
FNDA:1,App
DA:30,1
LF:1
LH:1
BRF:0
BRH:0
end_of_record
TN:
SF:src/components/Navbar.js
FN:5,Navbar
FN:9,(anonymous_1)
FN:13,(anonymous_2)
FNF:3
FNH:0
FNDA:0,Navbar
FNDA:0,(anonymous_1)
FNDA:0,(anonymous_2)
DA:6,0
DA:7,0
DA:9,0
DA:10,0
DA:13,0
DA:14,0
DA:21,0
DA:23,0
DA:24,0
DA:27,0
DA:28,0
DA:33,0
DA:47,0
DA:69,0
LF:14
LH:0
BRDA:23,0,0,0
BRDA:23,0,1,0
BRDA:27,1,0,0
BRDA:27,1,1,0
BRDA:49,2,0,0
BRDA:49,2,1,0
BRDA:72,3,0,0
BRDA:72,3,1,0
BRDA:73,4,0,0
BRDA:73,4,1,0
BRF:10
BRH:0
end_of_record
TN:
SF:src/components/formAction.js
FN:1,FormAction
FNF:1
FNH:1
FNDA:3,FormAction
DA:7,3
LF:1
LH:1
BRDA:3,0,0,1
BRDA:4,1,0,2
BRDA:10,2,0,2
BRDA:10,2,1,1
BRF:4
BRH:4
end_of_record
TN:
SF:src/context/AuthContext.js
FN:11,(anonymous_0)
FN:13,(anonymous_1)
FN:14,(anonymous_2)
FN:19,cache_assets
FN:29,(anonymous_4)
FN:53,(anonymous_5)
FN:62,(anonymous_6)
FN:95,(anonymous_7)
FN:102,(anonymous_8)
FN:107,(anonymous_9)
FNF:10
FNH:6
FNDA:21,(anonymous_0)
FNDA:21,(anonymous_1)
FNDA:21,(anonymous_2)
FNDA:0,cache_assets
FNDA:0,(anonymous_4)
FNDA:0,(anonymous_5)
FNDA:21,(anonymous_6)
FNDA:21,(anonymous_7)
FNDA:0,(anonymous_8)
FNDA:21,(anonymous_9)
DA:5,3
DA:11,3
DA:13,21
DA:14,21
DA:15,21
DA:17,21
DA:20,0
DA:29,21
DA:30,0
DA:31,0
DA:38,0
DA:39,0
DA:40,0
DA:41,0
DA:42,0
DA:44,0
DA:46,0
DA:49,0
DA:53,21
DA:54,0
DA:56,0
DA:57,0
DA:58,0
DA:59,0
DA:62,21
DA:63,21
DA:64,21
DA:72,0
DA:74,0
DA:75,0
DA:76,0
DA:77,0
DA:80,0
DA:83,0
DA:84,0
DA:88,21
DA:95,21
DA:97,21
DA:98,21
DA:101,21
DA:102,21
DA:103,0
DA:104,0
DA:107,21
DA:110,21
LF:45
LH:19
BRDA:13,0,0,0
BRDA:13,0,1,21
BRDA:14,1,0,0
BRDA:14,1,1,21
BRDA:39,2,0,0
BRDA:39,2,1,0
BRDA:74,3,0,0
BRDA:74,3,1,0
BRDA:83,4,0,0
BRDA:83,4,1,0
BRDA:97,5,0,21
BRDA:97,5,1,0
BRDA:103,6,0,0
BRDA:103,6,1,0
BRDA:112,7,0,21
BRDA:112,7,1,0
BRF:16
BRH:4
end_of_record
TN:
SF:src/pages/About.js
FN:6,About
FNF:1
FNH:1
FNDA:1,About
DA:7,1
LF:1
LH:1
BRF:0
BRH:0
end_of_record
TN:
SF:src/pages/Accounts.js
FN:4,Accounts
FN:12,(anonymous_1)
FN:42,(anonymous_2)
FN:50,(anonymous_3)
FN:65,(anonymous_4)
FN:73,(anonymous_5)
FN:88,(anonymous_6)
FN:106,(anonymous_7)
FN:111,(anonymous_8)
FN:115,(anonymous_9)
FN:120,(anonymous_10)
FNF:11
FNH:0
FNDA:0,Accounts
FNDA:0,(anonymous_1)
FNDA:0,(anonymous_2)
FNDA:0,(anonymous_3)
FNDA:0,(anonymous_4)
FNDA:0,(anonymous_5)
FNDA:0,(anonymous_6)
FNDA:0,(anonymous_7)
FNDA:0,(anonymous_8)
FNDA:0,(anonymous_9)
FNDA:0,(anonymous_10)
DA:5,0
DA:6,0
DA:7,0
DA:12,0
DA:13,0
DA:15,0
DA:16,0
DA:23,0
DA:24,0
DA:26,0
DA:27,0
DA:34,0
DA:35,0
DA:38,0
DA:42,0
DA:44,0
DA:50,0
DA:51,0
DA:53,0
DA:54,0
DA:61,0
DA:62,0
DA:65,0
DA:67,0
DA:73,0
DA:75,0
DA:76,0
DA:77,0
DA:84,0
DA:85,0
DA:88,0
DA:90,0
DA:94,0
DA:107,0
DA:111,0
DA:116,0
DA:120,0
LF:37
LH:0
BRDA:7,0,0,0
BRDA:7,0,1,0
BRDA:61,1,0,0
BRDA:61,1,1,0
BRDA:84,2,0,0
BRDA:84,2,1,0
BRF:6
BRH:0
end_of_record
TN:
SF:src/pages/Dashboard.js
FN:32,Dashboard
FN:41,(anonymous_1)
FN:52,(anonymous_2)
FN:60,(anonymous_3)
FN:74,(anonymous_4)
FN:78,(anonymous_5)
FN:86,(anonymous_6)
FN:91,(anonymous_7)
FN:99,(anonymous_8)
FNF:9
FNH:0
FNDA:0,Dashboard
FNDA:0,(anonymous_1)
FNDA:0,(anonymous_2)
FNDA:0,(anonymous_3)
FNDA:0,(anonymous_4)
FNDA:0,(anonymous_5)
FNDA:0,(anonymous_6)
FNDA:0,(anonymous_7)
FNDA:0,(anonymous_8)
DA:9,2
DA:33,0
DA:34,0
DA:36,0
DA:38,0
DA:41,0
DA:42,0
DA:43,0
DA:46,0
DA:48,0
DA:49,0
DA:52,0
DA:53,0
DA:60,0
DA:61,0
DA:67,0
DA:75,0
DA:78,0
DA:87,0
DA:91,0
DA:100,0
LF:21
LH:1
BRDA:42,0,0,0
BRDA:42,0,1,0
BRDA:77,1,0,0
BRDA:77,1,1,0
BRDA:90,2,0,0
BRDA:90,2,1,0
BRDA:98,3,0,0
BRDA:98,3,1,0
BRDA:100,4,0,0
BRDA:100,4,1,0
BRF:10
BRH:0
end_of_record
TN:
SF:src/pages/Home.js
FN:5,Home
FNF:1
FNH:1
FNDA:15,Home
DA:6,15
LF:1
LH:1
BRF:0
BRH:0
end_of_record
TN:
SF:src/pages/HomePage.js
FN:4,(anonymous_0)
FN:8,(anonymous_1)
FN:12,(anonymous_2)
FNF:3
FNH:0
FNDA:0,(anonymous_0)
FNDA:0,(anonymous_1)
FNDA:0,(anonymous_2)
DA:4,2
DA:6,0
DA:7,0
DA:8,0
DA:9,0
DA:12,0
DA:13,0
DA:20,0
DA:22,0
DA:23,0
DA:25,0
DA:26,0
DA:30,0
LF:13
LH:1
BRDA:22,0,0,0
BRDA:22,0,1,0
BRDA:25,1,0,0
BRDA:25,1,1,0
BRF:4
BRH:0
end_of_record
TN:
SF:src/pages/LinkAssets.js
FN:10,LinkAssets
FN:18,get_link_token
FN:45,(anonymous_2)
FN:58,(anonymous_3)
FNF:4
FNH:0
FNDA:0,LinkAssets
FNDA:0,get_link_token
FNDA:0,(anonymous_2)
FNDA:0,(anonymous_3)
DA:12,0
DA:14,0
DA:19,0
DA:20,0
DA:27,0
DA:28,0
DA:29,0
DA:36,0
DA:45,0
DA:58,0
LF:10
LH:0
BRDA:28,0,0,0
BRDA:28,0,1,0
BRF:2
BRH:0
end_of_record
TN:
SF:src/pages/Login.js
FN:14,(anonymous_0)
FN:16,(anonymous_1)
FN:31,(anonymous_2)
FNF:3
FNH:1
FNDA:6,(anonymous_0)
FNDA:0,(anonymous_1)
FNDA:0,(anonymous_2)
DA:12,3
DA:13,3
DA:14,6
DA:16,3
DA:18,0
DA:21,0
DA:32,0
DA:54,0
LF:8
LH:4
BRF:0
BRH:0
end_of_record
TN:
SF:src/pages/Signup.js
FN:11,(anonymous_0)
FN:15,(anonymous_1)
FN:19,(anonymous_2)
FN:28,(anonymous_3)
FN:92,(anonymous_4)
FNF:5
FNH:0
FNDA:0,(anonymous_0)
FNDA:0,(anonymous_1)
FNDA:0,(anonymous_2)
FNDA:0,(anonymous_3)
FNDA:0,(anonymous_4)
DA:11,2
DA:13,0
DA:14,0
DA:15,0
DA:17,0
DA:19,0
DA:20,0
DA:21,0
DA:22,0
DA:23,0
DA:25,0
DA:28,0
DA:29,0
DA:30,0
DA:31,0
DA:33,0
DA:46,0
DA:48,0
DA:49,0
DA:51,0
DA:52,0
DA:53,0
DA:54,0
DA:55,0
DA:57,0
DA:58,0
DA:59,0
DA:66,0
DA:80,0
DA:93,0
DA:118,0
LF:31
LH:1
BRDA:20,0,0,0
BRDA:20,0,1,0
BRDA:30,1,0,0
BRDA:30,1,1,0
BRDA:48,2,0,0
BRDA:48,2,1,0
BRDA:51,3,0,0
BRDA:51,3,1,0
BRDA:53,4,0,0
BRDA:53,4,1,0
BRDA:57,5,0,0
BRDA:57,5,1,0
BRF:12
BRH:0
end_of_record
